  [1m[35m (4.6ms)[0m  [1m[35mCREATE TABLE "schema_migrations" ("version" varchar NOT NULL PRIMARY KEY) /*application='Storefront'*/[0m
  [1m[35m (0.9ms)[0m  [1m[35mCREATE TABLE "ar_internal_metadata" ("key" varchar NOT NULL PRIMARY KEY, "value" varchar, "created_at" datetime(6) NOT NULL, "updated_at" datetime(6) NOT NULL) /*application='Storefront'*/[0m
  [1m[36mActiveRecord::InternalMetadata Load (0.7ms)[0m  [1m[34mSELECT * FROM "ar_internal_metadata" WHERE "ar_internal_metadata"."key" = 'environment' ORDER BY "ar_internal_metadata"."key" ASC LIMIT 1 /*application='Storefront'*/[0m
  [1m[36mActiveRecord::InternalMetadata Create (1.2ms)[0m  [1m[32mINSERT INTO "ar_internal_metadata" ("key", "value", "created_at", "updated_at") VALUES ('environment', 'development', '2024-11-22 16:52:14.785747', '2024-11-22 16:52:14.785750') RETURNING "key" /*application='Storefront'*/[0m
  [1m[36mActiveRecord::SchemaMigration Load (0.6ms)[0m  [1m[34mSELECT "schema_migrations"."version" FROM "schema_migrations" ORDER BY "schema_migrations"."version" ASC /*application='Storefront'*/[0m
Migrating to DeviseCreateUsers (20241122155220)
  [1m[36mTRANSACTION (0.2ms)[0m  [1m[35mBEGIN immediate TRANSACTION /*application='Storefront'*/[0m
  [1m[35m (1.4ms)[0m  [1m[35mCREATE TABLE "users" ("id" integer PRIMARY KEY AUTOINCREMENT NOT NULL, "email" varchar DEFAULT '' NOT NULL, "encrypted_password" varchar DEFAULT '' NOT NULL, "reset_password_token" varchar, "reset_password_sent_at" datetime(6), "remember_created_at" datetime(6), "created_at" datetime(6) NOT NULL, "updated_at" datetime(6) NOT NULL) /*application='Storefront'*/[0m
  [1m[35m (0.5ms)[0m  [1m[35mCREATE UNIQUE INDEX "index_users_on_email" ON "users" ("email") /*application='Storefront'*/[0m
  [1m[35m (0.2ms)[0m  [1m[35mCREATE UNIQUE INDEX "index_users_on_reset_password_token" ON "users" ("reset_password_token") /*application='Storefront'*/[0m
  [1m[36mActiveRecord::SchemaMigration Create (0.1ms)[0m  [1m[32mINSERT INTO "schema_migrations" ("version") VALUES ('20241122155220') RETURNING "version" /*application='Storefront'*/[0m
  [1m[36mTRANSACTION (1.5ms)[0m  [1m[35mCOMMIT TRANSACTION /*application='Storefront'*/[0m
Migrating to AddFieldsToUsers (20241122164803)
  [1m[36mTRANSACTION (0.9ms)[0m  [1m[35mBEGIN immediate TRANSACTION /*application='Storefront'*/[0m
  [1m[35mSQL (0.0ms)[0m  [1m[35mPRAGMA foreign_keys /*application='Storefront'*/[0m
  [1m[35mSQL (0.0ms)[0m  [1m[35mPRAGMA defer_foreign_keys /*application='Storefront'*/[0m
  [1m[35m (0.0ms)[0m  [1m[35mPRAGMA defer_foreign_keys = ON /*application='Storefront'*/[0m
  [1m[35m (0.0ms)[0m  [1m[35mPRAGMA foreign_keys = OFF /*application='Storefront'*/[0m
  [1m[35m (0.2ms)[0m  [1m[35mCREATE TEMPORARY TABLE "ausers" ("id" integer PRIMARY KEY AUTOINCREMENT NOT NULL, "email" varchar DEFAULT '' NOT NULL, "encrypted_password" varchar DEFAULT '' NOT NULL, "reset_password_token" varchar, "reset_password_sent_at" datetime(6), "remember_created_at" datetime(6), "created_at" datetime(6) NOT NULL, "updated_at" datetime(6) NOT NULL) /*application='Storefront'*/[0m
  [1m[35m (0.1ms)[0m  [1m[35mCREATE UNIQUE INDEX "tindex_ausers_on_reset_password_token" ON "ausers" ("reset_password_token") /*application='Storefront'*/[0m
  [1m[35m (0.1ms)[0m  [1m[35mCREATE UNIQUE INDEX "tindex_ausers_on_email" ON "ausers" ("email") /*application='Storefront'*/[0m
  [1m[35mSQL (0.0ms)[0m  [1m[32mINSERT INTO "ausers" ("id","email","encrypted_password","reset_password_token","reset_password_sent_at","remember_created_at","created_at","updated_at")
                     SELECT "id","email","encrypted_password","reset_password_token","reset_password_sent_at","remember_created_at","created_at","updated_at" FROM "users" /*application='Storefront'*/[0m
  [1m[35m (0.7ms)[0m  [1m[35mDROP TABLE "users" /*application='Storefront'*/[0m
  [1m[35m (0.0ms)[0m  [1m[35mPRAGMA defer_foreign_keys = 0 /*application='Storefront'*/[0m
  [1m[35m (0.0ms)[0m  [1m[35mPRAGMA foreign_keys = 1 /*application='Storefront'*/[0m
  [1m[36mTRANSACTION (0.3ms)[0m  [1m[31mROLLBACK TRANSACTION /*application='Storefront'*/[0m
  [1m[36mActiveRecord::InternalMetadata Load (1.2ms)[0m  [1m[34mSELECT * FROM "ar_internal_metadata" WHERE "ar_internal_metadata"."key" = 'environment' ORDER BY "ar_internal_metadata"."key" ASC LIMIT 1 /*application='Storefront'*/[0m
  [1m[36mActiveRecord::SchemaMigration Load (0.3ms)[0m  [1m[34mSELECT "schema_migrations"."version" FROM "schema_migrations" ORDER BY "schema_migrations"."version" ASC /*application='Storefront'*/[0m
Migrating to AddFieldsToUsers (20241122164803)
  [1m[36mTRANSACTION (0.4ms)[0m  [1m[35mBEGIN immediate TRANSACTION /*application='Storefront'*/[0m
  [1m[35mSQL (0.0ms)[0m  [1m[35mPRAGMA foreign_keys /*application='Storefront'*/[0m
  [1m[35mSQL (0.0ms)[0m  [1m[35mPRAGMA defer_foreign_keys /*application='Storefront'*/[0m
  [1m[35m (0.0ms)[0m  [1m[35mPRAGMA defer_foreign_keys = ON /*application='Storefront'*/[0m
  [1m[35m (0.0ms)[0m  [1m[35mPRAGMA foreign_keys = OFF /*application='Storefront'*/[0m
  [1m[35m (0.1ms)[0m  [1m[35mCREATE TEMPORARY TABLE "ausers" ("id" integer PRIMARY KEY AUTOINCREMENT NOT NULL, "email" varchar DEFAULT '' NOT NULL, "encrypted_password" varchar DEFAULT '' NOT NULL, "reset_password_token" varchar, "reset_password_sent_at" datetime(6), "remember_created_at" datetime(6), "created_at" datetime(6) NOT NULL, "updated_at" datetime(6) NOT NULL) /*application='Storefront'*/[0m
  [1m[35m (0.1ms)[0m  [1m[35mCREATE UNIQUE INDEX "tindex_ausers_on_reset_password_token" ON "ausers" ("reset_password_token") /*application='Storefront'*/[0m
  [1m[35m (0.1ms)[0m  [1m[35mCREATE UNIQUE INDEX "tindex_ausers_on_email" ON "ausers" ("email") /*application='Storefront'*/[0m
  [1m[35mSQL (0.0ms)[0m  [1m[32mINSERT INTO "ausers" ("id","email","encrypted_password","reset_password_token","reset_password_sent_at","remember_created_at","created_at","updated_at")
                     SELECT "id","email","encrypted_password","reset_password_token","reset_password_sent_at","remember_created_at","created_at","updated_at" FROM "users" /*application='Storefront'*/[0m
  [1m[35m (0.2ms)[0m  [1m[35mDROP TABLE "users" /*application='Storefront'*/[0m
  [1m[35m (0.1ms)[0m  [1m[35mCREATE TABLE "users" ("id" integer PRIMARY KEY AUTOINCREMENT NOT NULL, "email" varchar DEFAULT '' NOT NULL, "encrypted_password" varchar DEFAULT '' NOT NULL, "reset_password_token" varchar, "reset_password_sent_at" datetime(6), "remember_created_at" datetime(6), "created_at" datetime(6) NOT NULL, "updated_at" datetime(6) NOT NULL, "username" varchar NOT NULL) /*application='Storefront'*/[0m
  [1m[35m (0.1ms)[0m  [1m[35mCREATE UNIQUE INDEX "index_users_on_email" ON "users" ("email") /*application='Storefront'*/[0m
  [1m[35m (0.1ms)[0m  [1m[35mCREATE UNIQUE INDEX "index_users_on_reset_password_token" ON "users" ("reset_password_token") /*application='Storefront'*/[0m
  [1m[35mSQL (0.0ms)[0m  [1m[32mINSERT INTO "users" ("id","email","encrypted_password","reset_password_token","reset_password_sent_at","remember_created_at","created_at","updated_at")
                     SELECT "id","email","encrypted_password","reset_password_token","reset_password_sent_at","remember_created_at","created_at","updated_at" FROM "ausers" /*application='Storefront'*/[0m
  [1m[35m (0.1ms)[0m  [1m[35mDROP TABLE "ausers" /*application='Storefront'*/[0m
  [1m[35m (0.0ms)[0m  [1m[35mPRAGMA defer_foreign_keys = 0 /*application='Storefront'*/[0m
  [1m[35m (0.0ms)[0m  [1m[35mPRAGMA foreign_keys = 1 /*application='Storefront'*/[0m
  [1m[35m (0.2ms)[0m  [1m[35mALTER TABLE "users" ADD "phone" varchar /*application='Storefront'*/[0m
  [1m[35m (0.1ms)[0m  [1m[35mCREATE UNIQUE INDEX "index_users_on_username" ON "users" ("username") /*application='Storefront'*/[0m
  [1m[36mActiveRecord::SchemaMigration Create (0.1ms)[0m  [1m[32mINSERT INTO "schema_migrations" ("version") VALUES ('20241122164803') RETURNING "version" /*application='Storefront'*/[0m
  [1m[36mTRANSACTION (5.2ms)[0m  [1m[35mCOMMIT TRANSACTION /*application='Storefront'*/[0m
  [1m[36mActiveRecord::SchemaMigration Load (0.2ms)[0m  [1m[34mSELECT "schema_migrations"."version" FROM "schema_migrations" ORDER BY "schema_migrations"."version" ASC /*application='Storefront'*/[0m
  [1m[36mActiveRecord::InternalMetadata Load (1.5ms)[0m  [1m[34mSELECT * FROM "ar_internal_metadata" WHERE "ar_internal_metadata"."key" = 'environment' ORDER BY "ar_internal_metadata"."key" ASC LIMIT 1 /*application='Storefront'*/[0m
  [1m[36mActiveRecord::SchemaMigration Load (0.3ms)[0m  [1m[34mSELECT "schema_migrations"."version" FROM "schema_migrations" ORDER BY "schema_migrations"."version" ASC /*application='Storefront'*/[0m
  [1m[36mActiveRecord::SchemaMigration Load (0.3ms)[0m  [1m[34mSELECT "schema_migrations"."version" FROM "schema_migrations" ORDER BY "schema_migrations"."version" ASC /*application='Storefront'*/[0m
  [1m[36mActiveRecord::InternalMetadata Load (1.6ms)[0m  [1m[34mSELECT * FROM "ar_internal_metadata" WHERE "ar_internal_metadata"."key" = 'environment' ORDER BY "ar_internal_metadata"."key" ASC LIMIT 1 /*application='Storefront'*/[0m
  [1m[36mActiveRecord::SchemaMigration Load (0.4ms)[0m  [1m[34mSELECT "schema_migrations"."version" FROM "schema_migrations" ORDER BY "schema_migrations"."version" ASC /*application='Storefront'*/[0m
  [1m[36mActiveRecord::SchemaMigration Load (0.3ms)[0m  [1m[34mSELECT "schema_migrations"."version" FROM "schema_migrations" ORDER BY "schema_migrations"."version" ASC /*application='Storefront'*/[0m
  [1m[36mActiveRecord::InternalMetadata Load (1.5ms)[0m  [1m[34mSELECT * FROM "ar_internal_metadata" WHERE "ar_internal_metadata"."key" = 'environment' ORDER BY "ar_internal_metadata"."key" ASC LIMIT 1 /*application='Storefront'*/[0m
  [1m[36mActiveRecord::SchemaMigration Load (0.3ms)[0m  [1m[34mSELECT "schema_migrations"."version" FROM "schema_migrations" ORDER BY "schema_migrations"."version" ASC /*application='Storefront'*/[0m
Migrating to ChangePhoneInUsers (20241122170142)
  [1m[36mTRANSACTION (0.3ms)[0m  [1m[35mBEGIN immediate TRANSACTION /*application='Storefront'*/[0m
  [1m[35mSQL (0.0ms)[0m  [1m[35mPRAGMA foreign_keys /*application='Storefront'*/[0m
  [1m[35mSQL (0.0ms)[0m  [1m[35mPRAGMA defer_foreign_keys /*application='Storefront'*/[0m
  [1m[35m (0.0ms)[0m  [1m[35mPRAGMA defer_foreign_keys = ON /*application='Storefront'*/[0m
  [1m[35m (0.0ms)[0m  [1m[35mPRAGMA foreign_keys = OFF /*application='Storefront'*/[0m
  [1m[35m (0.2ms)[0m  [1m[35mCREATE TEMPORARY TABLE "ausers" ("id" integer PRIMARY KEY AUTOINCREMENT NOT NULL, "email" varchar DEFAULT '' NOT NULL, "encrypted_password" varchar DEFAULT '' NOT NULL, "reset_password_token" varchar, "reset_password_sent_at" datetime(6), "remember_created_at" datetime(6), "created_at" datetime(6) NOT NULL, "updated_at" datetime(6) NOT NULL, "username" varchar NOT NULL, "phone" varchar) /*application='Storefront'*/[0m
  [1m[35m (0.1ms)[0m  [1m[35mCREATE UNIQUE INDEX "tindex_ausers_on_username" ON "ausers" ("username") /*application='Storefront'*/[0m
  [1m[35m (0.1ms)[0m  [1m[35mCREATE UNIQUE INDEX "tindex_ausers_on_reset_password_token" ON "ausers" ("reset_password_token") /*application='Storefront'*/[0m
  [1m[35m (0.3ms)[0m  [1m[35mCREATE UNIQUE INDEX "tindex_ausers_on_email" ON "ausers" ("email") /*application='Storefront'*/[0m
  [1m[35mSQL (0.0ms)[0m  [1m[32mINSERT INTO "ausers" ("id","email","encrypted_password","reset_password_token","reset_password_sent_at","remember_created_at","created_at","updated_at","username","phone")
                     SELECT "id","email","encrypted_password","reset_password_token","reset_password_sent_at","remember_created_at","created_at","updated_at","username","phone" FROM "users" /*application='Storefront'*/[0m
  [1m[35m (0.2ms)[0m  [1m[35mDROP TABLE "users" /*application='Storefront'*/[0m
  [1m[35m (0.1ms)[0m  [1m[35mCREATE TABLE "users" ("id" integer PRIMARY KEY AUTOINCREMENT NOT NULL, "email" varchar DEFAULT '' NOT NULL, "encrypted_password" varchar DEFAULT '' NOT NULL, "reset_password_token" varchar, "reset_password_sent_at" datetime(6), "remember_created_at" datetime(6), "created_at" datetime(6) NOT NULL, "updated_at" datetime(6) NOT NULL, "username" varchar NOT NULL, "phone" varchar NOT NULL) /*application='Storefront'*/[0m
  [1m[35m (0.1ms)[0m  [1m[35mCREATE UNIQUE INDEX "index_users_on_email" ON "users" ("email") /*application='Storefront'*/[0m
  [1m[35m (0.1ms)[0m  [1m[35mCREATE UNIQUE INDEX "index_users_on_reset_password_token" ON "users" ("reset_password_token") /*application='Storefront'*/[0m
  [1m[35m (0.1ms)[0m  [1m[35mCREATE UNIQUE INDEX "index_users_on_username" ON "users" ("username") /*application='Storefront'*/[0m
  [1m[35mSQL (0.0ms)[0m  [1m[32mINSERT INTO "users" ("id","email","encrypted_password","reset_password_token","reset_password_sent_at","remember_created_at","created_at","updated_at","username","phone")
                     SELECT "id","email","encrypted_password","reset_password_token","reset_password_sent_at","remember_created_at","created_at","updated_at","username","phone" FROM "ausers" /*application='Storefront'*/[0m
  [1m[35m (0.4ms)[0m  [1m[35mDROP TABLE "ausers" /*application='Storefront'*/[0m
  [1m[35m (0.0ms)[0m  [1m[35mPRAGMA defer_foreign_keys = 0 /*application='Storefront'*/[0m
  [1m[35m (0.0ms)[0m  [1m[35mPRAGMA foreign_keys = 1 /*application='Storefront'*/[0m
  [1m[36mActiveRecord::SchemaMigration Create (0.1ms)[0m  [1m[32mINSERT INTO "schema_migrations" ("version") VALUES ('20241122170142') RETURNING "version" /*application='Storefront'*/[0m
  [1m[36mTRANSACTION (4.8ms)[0m  [1m[35mCOMMIT TRANSACTION /*application='Storefront'*/[0m
  [1m[36mActiveRecord::SchemaMigration Load (0.2ms)[0m  [1m[34mSELECT "schema_migrations"."version" FROM "schema_migrations" ORDER BY "schema_migrations"."version" ASC /*application='Storefront'*/[0m
Started GET "/" for 127.0.0.1 at 2024-11-22 20:37:28 +0000
  [1m[36mActiveRecord::SchemaMigration Load (2.0ms)[0m  [1m[34mSELECT "schema_migrations"."version" FROM "schema_migrations" ORDER BY "schema_migrations"."version" ASC /*application='Storefront'*/[0m
  
ArgumentError (Unknown validator: 'StrongPasswordValidator')
Caused by: NameError (uninitialized constant User::StrongPasswordValidator)

Information for: ArgumentError (Unknown validator: 'StrongPasswordValidator'):
  
app/models/user.rb:8:in `<class:User>'
app/models/user.rb:1:in `<main>'
config/routes.rb:3:in `block in <main>'
config/routes.rb:1:in `<main>'

Information for cause: NameError (uninitialized constant User::StrongPasswordValidator):
  
app/models/user.rb:8:in `<class:User>'
app/models/user.rb:1:in `<main>'
config/routes.rb:3:in `block in <main>'
config/routes.rb:1:in `<main>'
Started GET "/favicon.ico" for 127.0.0.1 at 2024-11-22 20:37:30 +0000
  
ActionController::RoutingError (No route matches [GET] "/favicon.ico"):
  
Started GET "/" for 127.0.0.1 at 2024-11-22 20:40:45 +0000
  [1m[36mActiveRecord::SchemaMigration Load (1.5ms)[0m  [1m[34mSELECT "schema_migrations"."version" FROM "schema_migrations" ORDER BY "schema_migrations"."version" ASC /*application='Storefront'*/[0m
Processing by MainController#index as HTML
Completed 401 Unauthorized in 1178ms (ActiveRecord: 0.0ms (0 queries, 0 cached) | GC: 14.7ms)


Started GET "/users/sign_in" for 127.0.0.1 at 2024-11-22 20:40:47 +0000
Processing by Devise::SessionsController#new as HTML
  Rendering layout layouts/application.html.erb
  Rendering devise/sessions/new.html.erb within layouts/application
  Rendered devise/shared/_links.html.erb (Duration: 3.2ms | GC: 0.0ms)
  Rendered devise/sessions/new.html.erb within layouts/application (Duration: 115.5ms | GC: 0.1ms)
  Rendered layout layouts/application.html.erb (Duration: 222.2ms | GC: 15.8ms)
Completed 200 OK in 806ms (Views: 284.7ms | ActiveRecord: 17.7ms (0 queries, 0 cached) | GC: 17.3ms)


Started GET "/users/sign_up" for 127.0.0.1 at 2024-11-22 20:40:52 +0000
Processing by Users::RegistrationsController#new as HTML
  Rendering layout layouts/application.html.erb
  Rendering devise/registrations/new.html.erb within layouts/application
  Rendered devise/shared/_error_messages.html.erb (Duration: 2.9ms | GC: 0.0ms)
  Rendered devise/shared/_links.html.erb (Duration: 0.2ms | GC: 0.0ms)
  Rendered devise/registrations/new.html.erb within layouts/application (Duration: 41.4ms | GC: 0.4ms)
  Rendered layout layouts/application.html.erb (Duration: 42.6ms | GC: 0.4ms)
Completed 200 OK in 488ms (Views: 75.3ms | ActiveRecord: 0.0ms (0 queries, 0 cached) | GC: 6.4ms)


Started GET "/" for 127.0.0.1 at 2024-11-22 20:41:14 +0000
Processing by MainController#index as HTML
Completed 401 Unauthorized in 447ms (ActiveRecord: 0.0ms (0 queries, 0 cached) | GC: 0.0ms)


Started GET "/users/sign_in" for 127.0.0.1 at 2024-11-22 20:41:15 +0000
Processing by Devise::SessionsController#new as HTML
  Rendering layout layouts/application.html.erb
  Rendering devise/sessions/new.html.erb within layouts/application
  Rendered devise/shared/_links.html.erb (Duration: 0.1ms | GC: 0.0ms)
  Rendered devise/sessions/new.html.erb within layouts/application (Duration: 2.0ms | GC: 0.0ms)
  Rendered layout layouts/application.html.erb (Duration: 3.1ms | GC: 0.0ms)
Completed 200 OK in 439ms (Views: 3.6ms | ActiveRecord: 0.0ms (0 queries, 0 cached) | GC: 0.0ms)


Started GET "/users/sign_up" for 127.0.0.1 at 2024-11-22 20:41:19 +0000
Processing by Users::RegistrationsController#new as HTML
  Rendering layout layouts/application.html.erb
  Rendering devise/registrations/new.html.erb within layouts/application
  Rendered devise/shared/_error_messages.html.erb (Duration: 0.0ms | GC: 0.0ms)
  Rendered devise/shared/_links.html.erb (Duration: 0.1ms | GC: 0.0ms)
  Rendered devise/registrations/new.html.erb within layouts/application (Duration: 3.0ms | GC: 0.0ms)
  Rendered layout layouts/application.html.erb (Duration: 4.5ms | GC: 0.0ms)
Completed 200 OK in 425ms (Views: 5.1ms | ActiveRecord: 0.0ms (0 queries, 0 cached) | GC: 0.0ms)


Started GET "/users/sign_up" for 127.0.0.1 at 2024-11-22 20:41:21 +0000
Processing by Users::RegistrationsController#new as HTML
  Rendering layout layouts/application.html.erb
  Rendering devise/registrations/new.html.erb within layouts/application
  Rendered devise/shared/_error_messages.html.erb (Duration: 0.0ms | GC: 0.0ms)
  Rendered devise/shared/_links.html.erb (Duration: 0.1ms | GC: 0.0ms)
  Rendered devise/registrations/new.html.erb within layouts/application (Duration: 2.6ms | GC: 0.0ms)
  Rendered layout layouts/application.html.erb (Duration: 3.6ms | GC: 0.0ms)
Completed 200 OK in 418ms (Views: 4.3ms | ActiveRecord: 0.0ms (0 queries, 0 cached) | GC: 0.0ms)


Started GET "/users/sign_up" for 127.0.0.1 at 2024-11-22 20:41:23 +0000
Processing by Users::RegistrationsController#new as HTML
  Rendering layout layouts/application.html.erb
  Rendering devise/registrations/new.html.erb within layouts/application
  Rendered devise/shared/_error_messages.html.erb (Duration: 0.0ms | GC: 0.0ms)
  Rendered devise/shared/_links.html.erb (Duration: 0.1ms | GC: 0.0ms)
  Rendered devise/registrations/new.html.erb within layouts/application (Duration: 2.6ms | GC: 0.0ms)
  Rendered layout layouts/application.html.erb (Duration: 3.7ms | GC: 0.0ms)
Completed 200 OK in 415ms (Views: 4.3ms | ActiveRecord: 0.0ms (0 queries, 0 cached) | GC: 0.0ms)


Started GET "/users/sign_up" for 127.0.0.1 at 2024-11-22 20:43:00 +0000
Processing by Users::RegistrationsController#new as HTML
  Rendering layout layouts/application.html.erb
  Rendering devise/registrations/new.html.erb within layouts/application
  Rendered devise/shared/_error_messages.html.erb (Duration: 2.9ms | GC: 0.0ms)
  Rendered devise/shared/_links.html.erb (Duration: 2.6ms | GC: 0.0ms)
  Rendered devise/registrations/new.html.erb within layouts/application (Duration: 36.7ms | GC: 0.0ms)
  Rendered layout layouts/application.html.erb (Duration: 47.2ms | GC: 0.0ms)
Completed 200 OK in 517ms (Views: 82.8ms | ActiveRecord: 17.1ms (0 queries, 0 cached) | GC: 0.2ms)


Started POST "/users" for 127.0.0.1 at 2024-11-22 20:43:22 +0000
Processing by Users::RegistrationsController#create as TURBO_STREAM
  Parameters: {"authenticity_token"=>"[FILTERED]", "user"=>{"email"=>"[FILTERED]", "username"=>"manueldiasuala", "phone"=>"2216081916", "password"=>"[FILTERED]", "password_confirmation"=>"[FILTERED]"}, "commit"=>"Sign up"}
  [1m[36mTRANSACTION (0.5ms)[0m  [1m[35mBEGIN immediate TRANSACTION /*action='create',application='Storefront',controller='registrations'*/[0m
  [1m[36mUser Exists? (3.2ms)[0m  [1m[34mSELECT 1 AS one FROM "users" WHERE "users"."email" = 'manueldiasuala@gmail.com' LIMIT 1 /*action='create',application='Storefront',controller='registrations'*/[0m
  [1m[36mUser Exists? (0.1ms)[0m  [1m[34mSELECT 1 AS one FROM "users" WHERE "users"."username" = 'manueldiasuala' LIMIT 1 /*action='create',application='Storefront',controller='registrations'*/[0m
  [1m[36mTRANSACTION (0.4ms)[0m  [1m[31mROLLBACK TRANSACTION /*action='create',application='Storefront',controller='registrations'*/[0m
  Rendering layout layouts/application.html.erb
  Rendering devise/registrations/new.html.erb within layouts/application
  Rendered devise/shared/_error_messages.html.erb (Duration: 0.4ms | GC: 0.0ms)
  Rendered devise/shared/_links.html.erb (Duration: 0.1ms | GC: 0.0ms)
  Rendered devise/registrations/new.html.erb within layouts/application (Duration: 3.2ms | GC: 0.0ms)
  Rendered layout layouts/application.html.erb (Duration: 4.5ms | GC: 0.0ms)
Completed 422 Unprocessable Content in 734ms (Views: 5.4ms | ActiveRecord: 4.1ms (2 queries, 0 cached) | GC: 1.2ms)


Started GET "/users/sign_up" for 127.0.0.1 at 2024-11-22 20:44:57 +0000
Processing by Users::RegistrationsController#new as HTML
  Rendering layout layouts/application.html.erb
  Rendering devise/registrations/new.html.erb within layouts/application
  Rendered devise/shared/_error_messages.html.erb (Duration: 0.0ms | GC: 0.0ms)
  Rendered devise/shared/_links.html.erb (Duration: 0.1ms | GC: 0.0ms)
  Rendered devise/registrations/new.html.erb within layouts/application (Duration: 39.0ms | GC: 6.3ms)
  Rendered layout layouts/application.html.erb (Duration: 50.6ms | GC: 6.3ms)
Completed 200 OK in 482ms (Views: 51.4ms | ActiveRecord: 0.0ms (0 queries, 0 cached) | GC: 6.3ms)


Started POST "/users" for 127.0.0.1 at 2024-11-22 20:45:08 +0000
Processing by Users::RegistrationsController#create as TURBO_STREAM
  Parameters: {"authenticity_token"=>"[FILTERED]", "user"=>{"email"=>"[FILTERED]", "username"=>"manueldiasuala", "phone"=>"2216081916", "password"=>"[FILTERED]", "password_confirmation"=>"[FILTERED]"}, "commit"=>"Sign up"}
  [1m[36mTRANSACTION (0.6ms)[0m  [1m[35mBEGIN immediate TRANSACTION /*action='create',application='Storefront',controller='registrations'*/[0m
  [1m[36mUser Exists? (2.5ms)[0m  [1m[34mSELECT 1 AS one FROM "users" WHERE "users"."email" = 'manueldiasuala@gmail.com' LIMIT 1 /*action='create',application='Storefront',controller='registrations'*/[0m
  [1m[36mUser Exists? (0.1ms)[0m  [1m[34mSELECT 1 AS one FROM "users" WHERE "users"."username" = 'manueldiasuala' LIMIT 1 /*action='create',application='Storefront',controller='registrations'*/[0m
  [1m[36mTRANSACTION (0.2ms)[0m  [1m[31mROLLBACK TRANSACTION /*action='create',application='Storefront',controller='registrations'*/[0m
  Rendering layout layouts/application.html.erb
  Rendering devise/registrations/new.html.erb within layouts/application
  Rendered devise/shared/_error_messages.html.erb (Duration: 3.4ms | GC: 3.2ms)
  Rendered devise/shared/_links.html.erb (Duration: 0.2ms | GC: 0.0ms)
  Rendered devise/registrations/new.html.erb within layouts/application (Duration: 12.1ms | GC: 8.0ms)
  Rendered layout layouts/application.html.erb (Duration: 15.5ms | GC: 9.4ms)
Completed 422 Unprocessable Content in 612ms (Views: 18.1ms | ActiveRecord: 3.4ms (2 queries, 0 cached) | GC: 16.4ms)


Started GET "/users/sign_in" for 127.0.0.1 at 2024-11-22 20:45:15 +0000
Processing by Devise::SessionsController#new as HTML
  Rendering layout layouts/application.html.erb
  Rendering devise/sessions/new.html.erb within layouts/application
  Rendered devise/shared/_links.html.erb (Duration: 0.2ms | GC: 0.0ms)
  Rendered devise/sessions/new.html.erb within layouts/application (Duration: 7.8ms | GC: 3.0ms)
  Rendered layout layouts/application.html.erb (Duration: 9.4ms | GC: 3.0ms)
Completed 200 OK in 489ms (Views: 19.6ms | ActiveRecord: 0.0ms (0 queries, 0 cached) | GC: 8.5ms)


Started GET "/users/sign_up" for 127.0.0.1 at 2024-11-22 20:45:17 +0000
Processing by Users::RegistrationsController#new as HTML
  Rendering layout layouts/application.html.erb
  Rendering devise/registrations/new.html.erb within layouts/application
  Rendered devise/shared/_error_messages.html.erb (Duration: 0.0ms | GC: 0.0ms)
  Rendered devise/shared/_links.html.erb (Duration: 0.1ms | GC: 0.0ms)
  Rendered devise/registrations/new.html.erb within layouts/application (Duration: 3.3ms | GC: 0.5ms)
  Rendered layout layouts/application.html.erb (Duration: 4.6ms | GC: 0.5ms)
Completed 200 OK in 432ms (Views: 5.3ms | ActiveRecord: 0.0ms (0 queries, 0 cached) | GC: 0.5ms)


Started GET "/assets/stimulus.min-2395e199.js.map" for 127.0.0.1 at 2024-11-22 20:46:56 +0000
Started GET "/assets/turbo.min-5dd5a71a.js.map" for 127.0.0.1 at 2024-11-22 20:46:56 +0000
Started GET "/users/sign_up" for 127.0.0.1 at 2024-11-22 20:49:41 +0000
Processing by Users::RegistrationsController#new as HTML
  Rendering layout layouts/application.html.erb
  Rendering devise/registrations/new.html.erb within layouts/application
  Rendered devise/shared/_error_messages.html.erb (Duration: 2.7ms | GC: 0.0ms)
  Rendered devise/shared/_links.html.erb (Duration: 2.9ms | GC: 0.0ms)
  Rendered devise/registrations/new.html.erb within layouts/application (Duration: 39.1ms | GC: 0.1ms)
  Rendered layout layouts/application.html.erb (Duration: 50.7ms | GC: 0.4ms)
Completed 200 OK in 534ms (Views: 91.1ms | ActiveRecord: 17.9ms (0 queries, 0 cached) | GC: 0.7ms)


Started GET "/users/sign_up" for 127.0.0.1 at 2024-11-22 20:52:48 +0000
  [1m[36mActiveRecord::SchemaMigration Load (1.9ms)[0m  [1m[34mSELECT "schema_migrations"."version" FROM "schema_migrations" ORDER BY "schema_migrations"."version" ASC /*application='Storefront'*/[0m
Processing by Users::RegistrationsController#new as HTML
  Rendering layout layouts/application.html.erb
  Rendering devise/registrations/new.html.erb within layouts/application
  Rendered devise/shared/_error_messages.html.erb (Duration: 2.7ms | GC: 0.0ms)
  Rendered devise/shared/_links.html.erb (Duration: 3.2ms | GC: 0.0ms)
  Rendered devise/registrations/new.html.erb within layouts/application (Duration: 103.6ms | GC: 1.5ms)
  Rendered layout layouts/application.html.erb (Duration: 122.1ms | GC: 4.7ms)
Completed 200 OK in 1148ms (Views: 221.6ms | ActiveRecord: 18.3ms (0 queries, 0 cached) | GC: 21.6ms)


Started POST "/users" for 127.0.0.1 at 2024-11-22 20:53:06 +0000
Processing by Users::RegistrationsController#create as TURBO_STREAM
  Parameters: {"authenticity_token"=>"[FILTERED]", "user"=>{"email"=>"[FILTERED]", "username"=>"manueldias", "phone"=>"2216081916", "password"=>"[FILTERED]", "password_confirmation"=>"[FILTERED]"}, "commit"=>"Sign up"}
  [1m[36mTRANSACTION (0.7ms)[0m  [1m[35mBEGIN immediate TRANSACTION /*action='create',application='Storefront',controller='registrations'*/[0m
  [1m[36mUser Exists? (8.8ms)[0m  [1m[34mSELECT 1 AS one FROM "users" WHERE "users"."email" = 'manueldiasuala@gmail.com' LIMIT 1 /*action='create',application='Storefront',controller='registrations'*/[0m
  [1m[36mUser Exists? (0.1ms)[0m  [1m[34mSELECT 1 AS one FROM "users" WHERE "users"."username" = 'manueldias' LIMIT 1 /*action='create',application='Storefront',controller='registrations'*/[0m
  [1m[36mTRANSACTION (0.3ms)[0m  [1m[31mROLLBACK TRANSACTION /*action='create',application='Storefront',controller='registrations'*/[0m
  Rendering layout layouts/application.html.erb
  Rendering devise/registrations/new.html.erb within layouts/application
  Rendered devise/shared/_error_messages.html.erb (Duration: 0.5ms | GC: 0.0ms)
  Rendered devise/shared/_links.html.erb (Duration: 0.2ms | GC: 0.0ms)
  Rendered devise/registrations/new.html.erb within layouts/application (Duration: 3.7ms | GC: 0.0ms)
  Rendered layout layouts/application.html.erb (Duration: 4.8ms | GC: 0.0ms)
Completed 422 Unprocessable Content in 637ms (Views: 5.5ms | ActiveRecord: 9.8ms (2 queries, 0 cached) | GC: 26.8ms)


Started GET "/" for 127.0.0.1 at 2024-11-22 20:53:39 +0000
  [1m[36mActiveRecord::SchemaMigration Load (1.7ms)[0m  [1m[34mSELECT "schema_migrations"."version" FROM "schema_migrations" ORDER BY "schema_migrations"."version" ASC /*application='Storefront'*/[0m
Processing by MainController#index as HTML
Completed 401 Unauthorized in 1019ms (ActiveRecord: 0.0ms (0 queries, 0 cached) | GC: 15.0ms)


Started GET "/users/sign_in" for 127.0.0.1 at 2024-11-22 20:53:41 +0000
Processing by Devise::SessionsController#new as HTML
  Rendering layout layouts/application.html.erb
  Rendering devise/sessions/new.html.erb within layouts/application
  Rendered devise/shared/_links.html.erb (Duration: 3.5ms | GC: 0.0ms)
  Rendered devise/sessions/new.html.erb within layouts/application (Duration: 37.1ms | GC: 0.0ms)
  Rendered layout layouts/application.html.erb (Duration: 116.5ms | GC: 8.9ms)
Completed 200 OK in 696ms (Views: 162.5ms | ActiveRecord: 21.3ms (0 queries, 0 cached) | GC: 11.7ms)


Started GET "/users/password/new" for 127.0.0.1 at 2024-11-22 20:53:55 +0000
Processing by Devise::PasswordsController#new as HTML
Started GET "/users/sign_up" for 127.0.0.1 at 2024-11-22 20:53:56 +0000
Processing by Users::RegistrationsController#new as HTML
  Rendering layout layouts/application.html.erb
  Rendering devise/passwords/new.html.erb within layouts/application
  Rendered devise/shared/_error_messages.html.erb (Duration: 4.8ms | GC: 2.2ms)
  Rendered devise/shared/_links.html.erb (Duration: 0.6ms | GC: 0.4ms)
  Rendered devise/passwords/new.html.erb within layouts/application (Duration: 21.1ms | GC: 6.9ms)
  Rendered layout layouts/application.html.erb (Duration: 25.1ms | GC: 8.9ms)
Completed 200 OK in 483ms (Views: 27.5ms | ActiveRecord: 0.0ms (0 queries, 0 cached) | GC: 26.2ms)


Started POST "/users/sign_in" for 127.0.0.1 at 2024-11-22 20:53:56 +0000
  Rendering layout layouts/application.html.erb
  Rendering devise/registrations/new.html.erb within layouts/application
  Rendered devise/shared/_error_messages.html.erb (Duration: 0.0ms | GC: 0.0ms)
  Rendered devise/shared/_links.html.erb (Duration: 0.2ms | GC: 0.0ms)
  Rendered devise/registrations/new.html.erb within layouts/application (Duration: 16.2ms | GC: 0.5ms)
  Rendered layout layouts/application.html.erb (Duration: 17.6ms | GC: 0.5ms)
Completed 200 OK in 469ms (Views: 47.1ms | ActiveRecord: 0.0ms (0 queries, 0 cached) | GC: 13.6ms)


Processing by Devise::SessionsController#create as TURBO_STREAM
  Parameters: {"authenticity_token"=>"[FILTERED]", "user"=>{"email"=>"[FILTERED]", "password"=>"[FILTERED]", "remember_me"=>"0"}, "commit"=>"Log in"}
  [1m[36mUser Load (1.7ms)[0m  [1m[34mSELECT "users".* FROM "users" WHERE "users"."email" = 'manueldiasuala@gmail.com' ORDER BY "users"."id" ASC LIMIT 1 /*action='create',application='Storefront',controller='sessions'*/[0m
Completed 401 Unauthorized in 443ms (ActiveRecord: 1.6ms (1 query, 0 cached) | GC: 0.3ms)


Processing by Devise::SessionsController#new as TURBO_STREAM
  Parameters: {"authenticity_token"=>"[FILTERED]", "user"=>{"email"=>"[FILTERED]", "password"=>"[FILTERED]", "remember_me"=>"0"}, "commit"=>"Log in"}
  Rendering layout layouts/application.html.erb
  Rendering devise/sessions/new.html.erb within layouts/application
  Rendered devise/shared/_links.html.erb (Duration: 0.1ms | GC: 0.0ms)
  Rendered devise/sessions/new.html.erb within layouts/application (Duration: 2.0ms | GC: 0.0ms)
  Rendered layout layouts/application.html.erb (Duration: 3.2ms | GC: 0.0ms)
Completed 200 OK in 598ms (Views: 3.9ms | ActiveRecord: 0.0ms (0 queries, 0 cached) | GC: 0.0ms)


Started GET "/users/sign_up" for 127.0.0.1 at 2024-11-22 20:54:03 +0000
Processing by Users::RegistrationsController#new as HTML
  Rendering layout layouts/application.html.erb
  Rendering devise/registrations/new.html.erb within layouts/application
  Rendered devise/shared/_error_messages.html.erb (Duration: 0.0ms | GC: 0.0ms)
  Rendered devise/shared/_links.html.erb (Duration: 0.2ms | GC: 0.0ms)
  Rendered devise/registrations/new.html.erb within layouts/application (Duration: 2.8ms | GC: 0.0ms)
  Rendered layout layouts/application.html.erb (Duration: 4.2ms | GC: 0.2ms)
Completed 200 OK in 432ms (Views: 5.1ms | ActiveRecord: 0.0ms (0 queries, 0 cached) | GC: 0.2ms)


Started POST "/users" for 127.0.0.1 at 2024-11-22 20:54:25 +0000
Processing by Users::RegistrationsController#create as TURBO_STREAM
  Parameters: {"authenticity_token"=>"[FILTERED]", "user"=>{"email"=>"[FILTERED]", "username"=>"manueldias", "phone"=>"2216081916", "password"=>"[FILTERED]", "password_confirmation"=>"[FILTERED]"}, "commit"=>"Sign up"}
  [1m[36mTRANSACTION (0.8ms)[0m  [1m[35mBEGIN immediate TRANSACTION /*action='create',application='Storefront',controller='registrations'*/[0m
  [1m[36mUser Exists? (2.4ms)[0m  [1m[34mSELECT 1 AS one FROM "users" WHERE "users"."email" = 'manueldiasuala@gmail.com' LIMIT 1 /*action='create',application='Storefront',controller='registrations'*/[0m
  [1m[36mUser Exists? (0.1ms)[0m  [1m[34mSELECT 1 AS one FROM "users" WHERE "users"."username" = 'manueldias' LIMIT 1 /*action='create',application='Storefront',controller='registrations'*/[0m
  [1m[36mTRANSACTION (0.3ms)[0m  [1m[31mROLLBACK TRANSACTION /*action='create',application='Storefront',controller='registrations'*/[0m
  Rendering layout layouts/application.html.erb
  Rendering devise/registrations/new.html.erb within layouts/application
  Rendered devise/shared/_error_messages.html.erb (Duration: 0.4ms | GC: 0.0ms)
  Rendered devise/shared/_links.html.erb (Duration: 0.2ms | GC: 0.0ms)
  Rendered devise/registrations/new.html.erb within layouts/application (Duration: 18.8ms | GC: 16.2ms)
  Rendered layout layouts/application.html.erb (Duration: 20.3ms | GC: 16.2ms)
Completed 422 Unprocessable Content in 610ms (Views: 21.0ms | ActiveRecord: 3.5ms (2 queries, 0 cached) | GC: 16.2ms)


Started POST "/users" for 127.0.0.1 at 2024-11-22 20:54:51 +0000
Processing by Users::RegistrationsController#create as TURBO_STREAM
  Parameters: {"authenticity_token"=>"[FILTERED]", "user"=>{"email"=>"[FILTERED]", "username"=>"manueldias", "phone"=>"2216081916", "password"=>"[FILTERED]", "password_confirmation"=>"[FILTERED]"}, "commit"=>"Sign up"}
  [1m[36mTRANSACTION (0.6ms)[0m  [1m[35mBEGIN immediate TRANSACTION /*action='create',application='Storefront',controller='registrations'*/[0m
  [1m[36mUser Exists? (2.6ms)[0m  [1m[34mSELECT 1 AS one FROM "users" WHERE "users"."email" = 'manueldiasuala@gmail.com' LIMIT 1 /*action='create',application='Storefront',controller='registrations'*/[0m
  [1m[36mUser Exists? (0.1ms)[0m  [1m[34mSELECT 1 AS one FROM "users" WHERE "users"."username" = 'manueldias' LIMIT 1 /*action='create',application='Storefront',controller='registrations'*/[0m
  [1m[36mUser Create (0.2ms)[0m  [1m[32mINSERT INTO "users" ("email", "encrypted_password", "reset_password_token", "reset_password_sent_at", "remember_created_at", "created_at", "updated_at", "username", "phone") VALUES ('manueldiasuala@gmail.com', '$2a$12$TG0i4h2MiRiIXVBu9UXhK.o0ybaLDrnnMfeQ8CeCNfLs5NyyJYbpO', NULL, NULL, NULL, '2024-11-22 20:54:52.068047', '2024-11-22 20:54:52.068047', 'manueldias', '2216081916') RETURNING "id" /*action='create',application='Storefront',controller='registrations'*/[0m
  [1m[36mTRANSACTION (4.6ms)[0m  [1m[35mCOMMIT TRANSACTION /*action='create',application='Storefront',controller='registrations'*/[0m
Redirected to http://127.0.0.1:3000/
Completed 303 See Other in 590ms (ActiveRecord: 8.0ms (3 queries, 0 cached) | GC: 1.8ms)


Started GET "/" for 127.0.0.1 at 2024-11-22 20:54:52 +0000
Processing by MainController#index as TURBO_STREAM
  [1m[36mUser Load (1.5ms)[0m  [1m[34mSELECT "users".* FROM "users" WHERE "users"."id" = 1 ORDER BY "users"."id" ASC LIMIT 1 /*action='index',application='Storefront',controller='main'*/[0m
  Rendering layout layouts/application.html.erb
  Rendering main/index.html.erb within layouts/application
  Rendered main/index.html.erb within layouts/application (Duration: 2.3ms | GC: 0.0ms)
  Rendered layout layouts/application.html.erb (Duration: 3.9ms | GC: 0.0ms)
Completed 200 OK in 426ms (Views: 7.1ms | ActiveRecord: 1.5ms (1 query, 0 cached) | GC: 0.0ms)


Started GET "/users/sign_in" for 127.0.0.1 at 2024-11-22 20:56:25 +0000
Processing by Devise::SessionsController#new as HTML
  [1m[36mUser Load (0.4ms)[0m  [1m[34mSELECT "users".* FROM "users" WHERE "users"."id" = 1 ORDER BY "users"."id" ASC LIMIT 1 /*action='new',application='Storefront',controller='sessions'*/[0m
Redirected to http://127.0.0.1:3000/
Filter chain halted as :require_no_authentication rendered or redirected
Completed 302 Found in 5ms (ActiveRecord: 0.4ms (1 query, 0 cached) | GC: 0.0ms)


Started GET "/" for 127.0.0.1 at 2024-11-22 20:56:25 +0000
Processing by MainController#index as HTML
  [1m[36mUser Load (0.4ms)[0m  [1m[34mSELECT "users".* FROM "users" WHERE "users"."id" = 1 ORDER BY "users"."id" ASC LIMIT 1 /*action='index',application='Storefront',controller='main'*/[0m
  Rendering layout layouts/application.html.erb
  Rendering main/index.html.erb within layouts/application
  Rendered main/index.html.erb within layouts/application (Duration: 0.5ms | GC: 0.0ms)
  Rendered layout layouts/application.html.erb (Duration: 1.9ms | GC: 0.0ms)
Completed 200 OK in 431ms (Views: 2.5ms | ActiveRecord: 0.4ms (1 query, 0 cached) | GC: 0.0ms)


Started GET "/" for 127.0.0.1 at 2024-11-22 22:51:34 +0000
  [1m[36mActiveRecord::SchemaMigration Load (1.5ms)[0m  [1m[34mSELECT "schema_migrations"."version" FROM "schema_migrations" ORDER BY "schema_migrations"."version" ASC /*application='Storefront'*/[0m
Processing by MainController#index as HTML
Completed 401 Unauthorized in 1044ms (ActiveRecord: 0.0ms (0 queries, 0 cached) | GC: 0.0ms)


Started GET "/users/sign_in" for 127.0.0.1 at 2024-11-22 22:51:36 +0000
Processing by Devise::SessionsController#new as HTML
  Rendering layout layouts/application.html.erb
  Rendering devise/sessions/new.html.erb within layouts/application
  Rendered devise/shared/_links.html.erb (Duration: 3.8ms | GC: 0.3ms)
  Rendered devise/sessions/new.html.erb within layouts/application (Duration: 94.7ms | GC: 0.3ms)
  Rendered layout layouts/application.html.erb (Duration: 179.8ms | GC: 3.9ms)
Completed 200 OK in 771ms (Views: 270.8ms | ActiveRecord: 18.4ms (0 queries, 0 cached) | GC: 6.2ms)


Started GET "/" for 127.0.0.1 at 2024-11-22 22:51:52 +0000
Processing by MainController#index as HTML
Completed 401 Unauthorized in 410ms (ActiveRecord: 0.0ms (0 queries, 0 cached) | GC: 1.5ms)


Started GET "/users/sign_in" for 127.0.0.1 at 2024-11-22 22:51:53 +0000
Processing by Devise::SessionsController#new as HTML
  Rendering layout layouts/application.html.erb
  Rendering devise/sessions/new.html.erb within layouts/application
  Rendered devise/shared/_links.html.erb (Duration: 0.2ms | GC: 0.0ms)
  Rendered devise/sessions/new.html.erb within layouts/application (Duration: 4.3ms | GC: 2.0ms)
  Rendered layout layouts/application.html.erb (Duration: 7.3ms | GC: 3.7ms)
Completed 200 OK in 435ms (Views: 8.1ms | ActiveRecord: 0.0ms (0 queries, 0 cached) | GC: 6.9ms)


Started GET "/users/sign_up" for 127.0.0.1 at 2024-11-22 22:55:55 +0000
Processing by Users::RegistrationsController#new as HTML
  Rendering layout layouts/application.html.erb
  Rendering devise/registrations/new.html.erb within layouts/application
  Rendered devise/shared/_error_messages.html.erb (Duration: 2.3ms | GC: 0.0ms)
  Rendered devise/shared/_links.html.erb (Duration: 0.2ms | GC: 0.0ms)
  Rendered devise/registrations/new.html.erb within layouts/application (Duration: 31.2ms | GC: 0.0ms)
  Rendered layout layouts/application.html.erb (Duration: 32.2ms | GC: 0.0ms)
Completed 200 OK in 451ms (Views: 63.3ms | ActiveRecord: 0.0ms (0 queries, 0 cached) | GC: 0.5ms)


Started POST "/users/sign_in" for 127.0.0.1 at 2024-11-22 22:56:12 +0000
Processing by Devise::SessionsController#create as TURBO_STREAM
  Parameters: {"authenticity_token"=>"[FILTERED]", "user"=>{"email"=>"[FILTERED]", "password"=>"[FILTERED]", "remember_me"=>"1"}, "commit"=>"Log in"}
  [1m[36mUser Load (1.7ms)[0m  [1m[34mSELECT "users".* FROM "users" WHERE "users"."email" = 'manueldiasuala@gmail.com' ORDER BY "users"."id" ASC LIMIT 1 /*action='create',application='Storefront',controller='sessions'*/[0m
  [1m[36mTRANSACTION (0.4ms)[0m  [1m[35mBEGIN immediate TRANSACTION /*action='create',application='Storefront',controller='sessions'*/[0m
  [1m[36mUser Update (2.0ms)[0m  [1m[33mUPDATE "users" SET "remember_created_at" = '2024-11-22 22:56:13.700874', "updated_at" = '2024-11-22 22:56:13.701278' WHERE "users"."id" = 1 /*action='create',application='Storefront',controller='sessions'*/[0m
  [1m[36mTRANSACTION (3.9ms)[0m  [1m[35mCOMMIT TRANSACTION /*action='create',application='Storefront',controller='sessions'*/[0m
Redirected to http://127.0.0.1:3000/
Completed 303 See Other in 681ms (ActiveRecord: 8.0ms (2 queries, 0 cached) | GC: 0.9ms)


Started GET "/" for 127.0.0.1 at 2024-11-22 22:56:13 +0000
Processing by MainController#index as TURBO_STREAM
  [1m[36mUser Load (1.5ms)[0m  [1m[34mSELECT "users".* FROM "users" WHERE "users"."id" = 1 ORDER BY "users"."id" ASC LIMIT 1 /*action='index',application='Storefront',controller='main'*/[0m
  Rendering layout layouts/application.html.erb
  Rendering main/index.html.erb within layouts/application
  Rendered main/index.html.erb within layouts/application (Duration: 2.4ms | GC: 0.0ms)
  Rendered layout layouts/application.html.erb (Duration: 3.9ms | GC: 0.0ms)
Completed 200 OK in 406ms (Views: 6.7ms | ActiveRecord: 1.5ms (1 query, 0 cached) | GC: 0.0ms)


Started GET "/users/sign_in" for 127.0.0.1 at 2024-11-22 22:58:38 +0000
Processing by Devise::SessionsController#new as HTML
  [1m[36mUser Load (0.3ms)[0m  [1m[34mSELECT "users".* FROM "users" WHERE "users"."id" = 1 ORDER BY "users"."id" ASC LIMIT 1 /*action='new',application='Storefront',controller='sessions'*/[0m
Redirected to http://127.0.0.1:3000/
Filter chain halted as :require_no_authentication rendered or redirected
Completed 302 Found in 3ms (ActiveRecord: 0.3ms (1 query, 0 cached) | GC: 0.0ms)


Started GET "/" for 127.0.0.1 at 2024-11-22 22:58:38 +0000
Processing by MainController#index as HTML
  [1m[36mUser Load (0.3ms)[0m  [1m[34mSELECT "users".* FROM "users" WHERE "users"."id" = 1 ORDER BY "users"."id" ASC LIMIT 1 /*action='index',application='Storefront',controller='main'*/[0m
  Rendering layout layouts/application.html.erb
  Rendering main/index.html.erb within layouts/application
  Rendered main/index.html.erb within layouts/application (Duration: 0.4ms | GC: 0.0ms)
  Rendered layout layouts/application.html.erb (Duration: 1.7ms | GC: 0.0ms)
Completed 200 OK in 405ms (Views: 2.4ms | ActiveRecord: 0.3ms (1 query, 0 cached) | GC: 0.0ms)


Started GET "/" for 127.0.0.1 at 2024-11-22 22:58:41 +0000
Processing by MainController#index as HTML
  [1m[36mUser Load (0.3ms)[0m  [1m[34mSELECT "users".* FROM "users" WHERE "users"."id" = 1 ORDER BY "users"."id" ASC LIMIT 1 /*action='index',application='Storefront',controller='main'*/[0m
  Rendering layout layouts/application.html.erb
  Rendering main/index.html.erb within layouts/application
  Rendered main/index.html.erb within layouts/application (Duration: 0.5ms | GC: 0.0ms)
  Rendered layout layouts/application.html.erb (Duration: 2.2ms | GC: 0.0ms)
Completed 200 OK in 423ms (Views: 2.8ms | ActiveRecord: 0.3ms (1 query, 0 cached) | GC: 13.5ms)


Started GET "/users/password/edit" for 127.0.0.1 at 2024-11-22 23:40:47 +0000
  [1m[36mActiveRecord::SchemaMigration Load (1.5ms)[0m  [1m[34mSELECT "schema_migrations"."version" FROM "schema_migrations" ORDER BY "schema_migrations"."version" ASC /*application='Storefront'*/[0m
Processing by Devise::PasswordsController#edit as HTML
  [1m[36mUser Load (1.4ms)[0m  [1m[34mSELECT "users".* FROM "users" WHERE "users"."id" = 1 ORDER BY "users"."id" ASC LIMIT 1 /*action='edit',application='Storefront',controller='passwords'*/[0m
Redirected to http://127.0.0.1:3000/
Filter chain halted as :require_no_authentication rendered or redirected
Completed 302 Found in 121ms (ActiveRecord: 20.8ms (1 query, 0 cached) | GC: 15.3ms)


Started GET "/" for 127.0.0.1 at 2024-11-22 23:40:47 +0000
Processing by MainController#index as HTML
  [1m[36mUser Load (0.6ms)[0m  [1m[34mSELECT "users".* FROM "users" WHERE "users"."id" = 1 ORDER BY "users"."id" ASC LIMIT 1 /*action='index',application='Storefront',controller='main'*/[0m
  Rendering layout layouts/application.html.erb
  Rendering main/index.html.erb within layouts/application
  Rendered main/index.html.erb within layouts/application (Duration: 2.8ms | GC: 0.0ms)
  Rendered layout layouts/application.html.erb (Duration: 73.5ms | GC: 10.8ms)
Completed 200 OK in 973ms (Views: 90.9ms | ActiveRecord: 0.6ms (1 query, 0 cached) | GC: 11.8ms)


Started GET "/users/password/edit" for 127.0.0.1 at 2024-11-22 23:40:52 +0000
Processing by Devise::PasswordsController#edit as HTML
  [1m[36mUser Load (0.4ms)[0m  [1m[34mSELECT "users".* FROM "users" WHERE "users"."id" = 1 ORDER BY "users"."id" ASC LIMIT 1 /*action='edit',application='Storefront',controller='passwords'*/[0m
Redirected to http://127.0.0.1:3000/
Filter chain halted as :require_no_authentication rendered or redirected
Completed 302 Found in 11ms (ActiveRecord: 0.4ms (1 query, 0 cached) | GC: 7.6ms)


Started GET "/" for 127.0.0.1 at 2024-11-22 23:40:53 +0000
Processing by MainController#index as HTML
  [1m[36mUser Load (0.6ms)[0m  [1m[34mSELECT "users".* FROM "users" WHERE "users"."id" = 1 ORDER BY "users"."id" ASC LIMIT 1 /*action='index',application='Storefront',controller='main'*/[0m
  Rendering layout layouts/application.html.erb
  Rendering main/index.html.erb within layouts/application
  Rendered main/index.html.erb within layouts/application (Duration: 0.3ms | GC: 0.0ms)
  Rendered layout layouts/application.html.erb (Duration: 1.6ms | GC: 0.0ms)
Completed 200 OK in 402ms (Views: 2.1ms | ActiveRecord: 0.6ms (1 query, 0 cached) | GC: 8.0ms)


Started GET "/" for 127.0.0.1 at 2024-11-22 23:43:04 +0000
Processing by MainController#index as HTML
  [1m[36mUser Load (1.6ms)[0m  [1m[34mSELECT "users".* FROM "users" WHERE "users"."id" = 1 ORDER BY "users"."id" ASC LIMIT 1 /*action='index',application='Storefront',controller='main'*/[0m
  Rendering layout layouts/application.html.erb
  Rendering main/index.html.erb within layouts/application
  Rendered main/index.html.erb within layouts/application (Duration: 2.9ms | GC: 0.0ms)
  Rendered layout layouts/application.html.erb (Duration: 21.9ms | GC: 0.0ms)
Completed 200 OK in 466ms (Views: 30.0ms | ActiveRecord: 18.3ms (1 query, 0 cached) | GC: 0.0ms)


Started GET "/users/edit" for 127.0.0.1 at 2024-11-22 23:43:06 +0000
Processing by Users::RegistrationsController#edit as HTML
  [1m[36mUser Load (0.4ms)[0m  [1m[34mSELECT "users".* FROM "users" WHERE "users"."id" = 1 ORDER BY "users"."id" ASC LIMIT 1 /*action='edit',application='Storefront',controller='registrations'*/[0m
  Rendering layout layouts/application.html.erb
  Rendering devise/registrations/edit.html.erb within layouts/application
  Rendered devise/shared/_error_messages.html.erb (Duration: 2.4ms | GC: 0.0ms)
  Rendered devise/registrations/edit.html.erb within layouts/application (Duration: 29.2ms | GC: 0.2ms)
  Rendered layout layouts/application.html.erb (Duration: 30.3ms | GC: 0.2ms)
Completed 200 OK in 458ms (Views: 59.4ms | ActiveRecord: 0.4ms (1 query, 0 cached) | GC: 0.6ms)


Started GET "/users/sing_up" for 127.0.0.1 at 2024-11-22 23:43:17 +0000
  
ActionController::RoutingError (No route matches [GET] "/users/sing_up"):
  
Started GET "/favicon.ico" for 127.0.0.1 at 2024-11-22 23:43:17 +0000
  
ActionController::RoutingError (No route matches [GET] "/favicon.ico"):
  
Started GET "/users/sing_in" for 127.0.0.1 at 2024-11-22 23:43:24 +0000
  
ActionController::RoutingError (No route matches [GET] "/users/sing_in"):
  
Started GET "/" for 127.0.0.1 at 2024-11-22 23:43:31 +0000
Processing by MainController#index as HTML
  [1m[36mUser Load (0.5ms)[0m  [1m[34mSELECT "users".* FROM "users" WHERE "users"."id" = 1 ORDER BY "users"."id" ASC LIMIT 1 /*action='index',application='Storefront',controller='main'*/[0m
  Rendering layout layouts/application.html.erb
  Rendering main/index.html.erb within layouts/application
  Rendered main/index.html.erb within layouts/application (Duration: 0.5ms | GC: 0.0ms)
  Rendered layout layouts/application.html.erb (Duration: 1.7ms | GC: 0.0ms)
Completed 200 OK in 404ms (Views: 2.2ms | ActiveRecord: 0.5ms (1 query, 0 cached) | GC: 1.6ms)


Started GET "/" for 127.0.0.1 at 2024-11-22 23:43:33 +0000
Processing by MainController#index as HTML
  [1m[36mUser Load (0.4ms)[0m  [1m[34mSELECT "users".* FROM "users" WHERE "users"."id" = 1 ORDER BY "users"."id" ASC LIMIT 1 /*action='index',application='Storefront',controller='main'*/[0m
  Rendering layout layouts/application.html.erb
  Rendering main/index.html.erb within layouts/application
  Rendered main/index.html.erb within layouts/application (Duration: 0.5ms | GC: 0.0ms)
  Rendered layout layouts/application.html.erb (Duration: 1.7ms | GC: 0.0ms)
Completed 200 OK in 426ms (Views: 2.2ms | ActiveRecord: 0.4ms (1 query, 0 cached) | GC: 0.8ms)


Started GET "/" for 127.0.0.1 at 2024-11-22 23:43:33 +0000
Processing by MainController#index as HTML
  [1m[36mUser Load (0.4ms)[0m  [1m[34mSELECT "users".* FROM "users" WHERE "users"."id" = 1 ORDER BY "users"."id" ASC LIMIT 1 /*action='index',application='Storefront',controller='main'*/[0m
  Rendering layout layouts/application.html.erb
  Rendering main/index.html.erb within layouts/application
  Rendered main/index.html.erb within layouts/application (Duration: 0.6ms | GC: 0.0ms)
  Rendered layout layouts/application.html.erb (Duration: 1.8ms | GC: 0.0ms)
Completed 200 OK in 395ms (Views: 2.4ms | ActiveRecord: 0.4ms (1 query, 0 cached) | GC: 0.4ms)


Started GET "/" for 127.0.0.1 at 2024-11-22 23:43:35 +0000
Processing by MainController#index as HTML
  [1m[36mUser Load (0.4ms)[0m  [1m[34mSELECT "users".* FROM "users" WHERE "users"."id" = 1 ORDER BY "users"."id" ASC LIMIT 1 /*action='index',application='Storefront',controller='main'*/[0m
  Rendering layout layouts/application.html.erb
  Rendering main/index.html.erb within layouts/application
  Rendered main/index.html.erb within layouts/application (Duration: 0.6ms | GC: 0.0ms)
  Rendered layout layouts/application.html.erb (Duration: 1.9ms | GC: 0.0ms)
Completed 200 OK in 414ms (Views: 2.4ms | ActiveRecord: 0.4ms (1 query, 0 cached) | GC: 0.9ms)


Started GET "/" for 127.0.0.1 at 2024-11-22 23:44:00 +0000
Processing by MainController#index as HTML
  [1m[36mUser Load (0.6ms)[0m  [1m[34mSELECT "users".* FROM "users" WHERE "users"."id" = 1 ORDER BY "users"."id" ASC LIMIT 1 /*action='index',application='Storefront',controller='main'*/[0m
  Rendering layout layouts/application.html.erb
  Rendering main/index.html.erb within layouts/application
  Rendered main/index.html.erb within layouts/application (Duration: 0.6ms | GC: 0.0ms)
  Rendered layout layouts/application.html.erb (Duration: 1.9ms | GC: 0.0ms)
Completed 200 OK in 394ms (Views: 2.8ms | ActiveRecord: 0.6ms (1 query, 0 cached) | GC: 0.0ms)


Started GET "/users/edit" for 127.0.0.1 at 2024-11-22 23:44:01 +0000
Processing by Users::RegistrationsController#edit as HTML
  [1m[36mUser Load (0.4ms)[0m  [1m[34mSELECT "users".* FROM "users" WHERE "users"."id" = 1 ORDER BY "users"."id" ASC LIMIT 1 /*action='edit',application='Storefront',controller='registrations'*/[0m
  Rendering layout layouts/application.html.erb
  Rendering devise/registrations/edit.html.erb within layouts/application
  Rendered devise/shared/_error_messages.html.erb (Duration: 0.0ms | GC: 0.0ms)
  Rendered devise/registrations/edit.html.erb within layouts/application (Duration: 3.4ms | GC: 1.4ms)
  Rendered layout layouts/application.html.erb (Duration: 5.1ms | GC: 1.4ms)
Completed 200 OK in 388ms (Views: 5.8ms | ActiveRecord: 0.4ms (1 query, 0 cached) | GC: 1.4ms)


Started GET "/users/sign_out" for 127.0.0.1 at 2024-11-22 23:44:02 +0000
  
ActionController::RoutingError (No route matches [GET] "/users/sign_out"):
  
Started GET "/" for 127.0.0.1 at 2024-11-22 23:45:54 +0000
Processing by MainController#index as HTML
Started GET "/users/edit" for 127.0.0.1 at 2024-11-22 23:45:55 +0000
  [1m[36mUser Load (1.8ms)[0m  [1m[34mSELECT "users".* FROM "users" WHERE "users"."id" = 1 ORDER BY "users"."id" ASC LIMIT 1 /*action='index',application='Storefront',controller='main'*/[0m
  Rendering layout layouts/application.html.erb
  Rendering main/index.html.erb within layouts/application
  Rendered main/index.html.erb within layouts/application (Duration: 2.7ms | GC: 0.0ms)
  Rendered layout layouts/application.html.erb (Duration: 31.9ms | GC: 10.0ms)
Completed 200 OK in 505ms (Views: 42.1ms | ActiveRecord: 20.7ms (1 query, 0 cached) | GC: 14.9ms)


Processing by Users::RegistrationsController#edit as HTML
  [1m[36mUser Load (1.4ms)[0m  [1m[34mSELECT "users".* FROM "users" WHERE "users"."id" = 1 ORDER BY "users"."id" ASC LIMIT 1 /*action='edit',application='Storefront',controller='registrations'*/[0m
  Rendering layout layouts/application.html.erb
  Rendering devise/registrations/edit.html.erb within layouts/application
  Rendered devise/shared/_error_messages.html.erb (Duration: 2.1ms | GC: 0.0ms)
  Rendered devise/registrations/edit.html.erb within layouts/application (Duration: 13.0ms | GC: 0.0ms)
  Rendered layout layouts/application.html.erb (Duration: 30.0ms | GC: 0.0ms)
Completed 200 OK in 484ms (Views: 45.7ms | ActiveRecord: 18.5ms (1 query, 0 cached) | GC: 0.0ms)


Started GET "/" for 127.0.0.1 at 2024-11-22 23:45:57 +0000
Processing by MainController#index as HTML
  [1m[36mUser Load (0.4ms)[0m  [1m[34mSELECT "users".* FROM "users" WHERE "users"."id" = 1 ORDER BY "users"."id" ASC LIMIT 1 /*action='index',application='Storefront',controller='main'*/[0m
  Rendering layout layouts/application.html.erb
  Rendering main/index.html.erb within layouts/application
  Rendered main/index.html.erb within layouts/application (Duration: 2.7ms | GC: 0.0ms)
  Rendered layout layouts/application.html.erb (Duration: 4.7ms | GC: 0.4ms)
Completed 200 OK in 410ms (Views: 7.9ms | ActiveRecord: 0.4ms (1 query, 0 cached) | GC: 0.4ms)


Started GET "/users/sign_out" for 127.0.0.1 at 2024-11-22 23:45:59 +0000
  
ActionController::RoutingError (No route matches [GET] "/users/sign_out"):
  
Started GET "/users/sign_out" for 127.0.0.1 at 2024-11-22 23:46:19 +0000
  
ActionController::RoutingError (No route matches [GET] "/users/sign_out"):
  
Started GET "/" for 127.0.0.1 at 2024-11-22 23:46:28 +0000
Processing by MainController#index as HTML
  [1m[36mUser Load (1.6ms)[0m  [1m[34mSELECT "users".* FROM "users" WHERE "users"."id" = 1 ORDER BY "users"."id" ASC LIMIT 1 /*action='index',application='Storefront',controller='main'*/[0m
  Rendering layout layouts/application.html.erb
  Rendering main/index.html.erb within layouts/application
  Rendered main/index.html.erb within layouts/application (Duration: 2.5ms | GC: 0.0ms)
  Rendered layout layouts/application.html.erb (Duration: 21.4ms | GC: 0.9ms)
Completed 200 OK in 473ms (Views: 29.5ms | ActiveRecord: 19.7ms (1 query, 0 cached) | GC: 5.9ms)


Started GET "/users/sign_out" for 127.0.0.1 at 2024-11-22 23:46:29 +0000
  
ActionController::RoutingError (No route matches [GET] "/users/sign_out"):
  
Started GET "/users/sign_out" for 127.0.0.1 at 2024-11-22 23:47:22 +0000
  [1m[36mActiveRecord::SchemaMigration Load (1.4ms)[0m  [1m[34mSELECT "schema_migrations"."version" FROM "schema_migrations" ORDER BY "schema_migrations"."version" ASC /*application='Storefront'*/[0m
  
ActionController::RoutingError (No route matches [GET] "/users/sign_out"):
  
Started GET "/users/sign_out" for 127.0.0.1 at 2024-11-22 23:47:26 +0000
  
ActionController::RoutingError (No route matches [GET] "/users/sign_out"):
  
Started GET "/" for 127.0.0.1 at 2024-11-22 23:48:00 +0000
  [1m[36mActiveRecord::SchemaMigration Load (1.4ms)[0m  [1m[34mSELECT "schema_migrations"."version" FROM "schema_migrations" ORDER BY "schema_migrations"."version" ASC /*application='Storefront'*/[0m
Processing by MainController#index as HTML
  [1m[36mUser Load (1.4ms)[0m  [1m[34mSELECT "users".* FROM "users" WHERE "users"."id" = 1 ORDER BY "users"."id" ASC LIMIT 1 /*action='index',application='Storefront',controller='main'*/[0m
  Rendering layout layouts/application.html.erb
  Rendering main/index.html.erb within layouts/application
  Rendered main/index.html.erb within layouts/application (Duration: 6.2ms | GC: 0.0ms)
  Rendered layout layouts/application.html.erb (Duration: 7.1ms | GC: 0.0ms)
Completed 500 Internal Server Error in 1036ms (ActiveRecord: 18.1ms (1 query, 0 cached) | GC: 15.3ms)


  
ActionView::Template::Error (wrong number of arguments (given 4, expected 0..3))
Caused by: ArgumentError (wrong number of arguments (given 4, expected 0..3))

Information for: ActionView::Template::Error (wrong number of arguments (given 4, expected 0..3)):
     9: 
    10: <%= link_to "Editar perfil", edit_user_registration_path, class: "btn btn-primary" %>
    11: 
    12: <%= link_to "Cerrar sesión", destroy_user_session_path, :delete, class: "btn btn-danger" %>
  
app/views/main/index.html.erb:12

Information for cause: ArgumentError (wrong number of arguments (given 4, expected 0..3)):
  
app/views/main/index.html.erb:12
Started GET "/" for 127.0.0.1 at 2024-11-22 23:48:02 +0000
Processing by MainController#index as HTML
  [1m[36mUser Load (0.6ms)[0m  [1m[34mSELECT "users".* FROM "users" WHERE "users"."id" = 1 ORDER BY "users"."id" ASC LIMIT 1 /*action='index',application='Storefront',controller='main'*/[0m
  Rendering layout layouts/application.html.erb
  Rendering main/index.html.erb within layouts/application
  Rendered main/index.html.erb within layouts/application (Duration: 0.7ms | GC: 0.0ms)
  Rendered layout layouts/application.html.erb (Duration: 1.6ms | GC: 0.0ms)
Completed 500 Internal Server Error in 398ms (ActiveRecord: 0.6ms (1 query, 0 cached) | GC: 0.0ms)


  
ActionView::Template::Error (wrong number of arguments (given 4, expected 0..3))
Caused by: ArgumentError (wrong number of arguments (given 4, expected 0..3))

Information for: ActionView::Template::Error (wrong number of arguments (given 4, expected 0..3)):
     9: 
    10: <%= link_to "Editar perfil", edit_user_registration_path, class: "btn btn-primary" %>
    11: 
    12: <%= link_to "Cerrar sesión", destroy_user_session_path, :delete, class: "btn btn-danger" %>
  
app/views/main/index.html.erb:12

Information for cause: ArgumentError (wrong number of arguments (given 4, expected 0..3)):
  
app/views/main/index.html.erb:12
Started GET "/" for 127.0.0.1 at 2024-11-22 23:48:05 +0000
Processing by MainController#index as HTML
  [1m[36mUser Load (0.4ms)[0m  [1m[34mSELECT "users".* FROM "users" WHERE "users"."id" = 1 ORDER BY "users"."id" ASC LIMIT 1 /*action='index',application='Storefront',controller='main'*/[0m
  Rendering layout layouts/application.html.erb
  Rendering main/index.html.erb within layouts/application
  Rendered main/index.html.erb within layouts/application (Duration: 1.2ms | GC: 0.4ms)
  Rendered layout layouts/application.html.erb (Duration: 2.0ms | GC: 0.4ms)
Completed 500 Internal Server Error in 352ms (ActiveRecord: 0.4ms (1 query, 0 cached) | GC: 0.4ms)


  
ActionView::Template::Error (wrong number of arguments (given 4, expected 0..3))
Caused by: ArgumentError (wrong number of arguments (given 4, expected 0..3))

Information for: ActionView::Template::Error (wrong number of arguments (given 4, expected 0..3)):
     9: 
    10: <%= link_to "Editar perfil", edit_user_registration_path, class: "btn btn-primary" %>
    11: 
    12: <%= link_to "Cerrar sesión", destroy_user_session_path, :delete, class: "btn btn-danger" %>
  
app/views/main/index.html.erb:12

Information for cause: ArgumentError (wrong number of arguments (given 4, expected 0..3)):
  
app/views/main/index.html.erb:12
Started GET "/" for 127.0.0.1 at 2024-11-22 23:48:40 +0000
Processing by MainController#index as HTML
  [1m[36mUser Load (1.4ms)[0m  [1m[34mSELECT "users".* FROM "users" WHERE "users"."id" = 1 ORDER BY "users"."id" ASC LIMIT 1 /*action='index',application='Storefront',controller='main'*/[0m
  Rendering layout layouts/application.html.erb
  Rendering main/index.html.erb within layouts/application
  Rendered main/index.html.erb within layouts/application (Duration: 3.2ms | GC: 0.0ms)
  Rendered layout layouts/application.html.erb (Duration: 67.7ms | GC: 5.0ms)
Completed 200 OK in 519ms (Views: 76.0ms | ActiveRecord: 18.9ms (1 query, 0 cached) | GC: 5.0ms)


Started GET "/users/sign_out" for 127.0.0.1 at 2024-11-22 23:48:42 +0000
  
ActionController::RoutingError (No route matches [GET] "/users/sign_out"):
  
Started GET "/" for 127.0.0.1 at 2024-11-22 23:52:01 +0000
  [1m[36mActiveRecord::SchemaMigration Load (1.4ms)[0m  [1m[34mSELECT "schema_migrations"."version" FROM "schema_migrations" ORDER BY "schema_migrations"."version" ASC /*application='Storefront'*/[0m
Processing by MainController#index as HTML
  [1m[36mUser Load (1.7ms)[0m  [1m[34mSELECT "users".* FROM "users" WHERE "users"."id" = 1 ORDER BY "users"."id" ASC LIMIT 1 /*action='index',application='Storefront',controller='main'*/[0m
  Rendering layout layouts/application.html.erb
  Rendering main/index.html.erb within layouts/application
  Rendered main/index.html.erb within layouts/application (Duration: 3.7ms | GC: 0.5ms)
  Rendered layout layouts/application.html.erb (Duration: 74.5ms | GC: 1.2ms)
Completed 200 OK in 1092ms (Views: 92.0ms | ActiveRecord: 19.0ms (1 query, 0 cached) | GC: 16.7ms)


Started GET "/assets/application-1ffec417.js" for 127.0.0.1 at 2024-11-22 23:52:03 +0000
Started GET "/assets/@rails--ujs-69e21124.js" for 127.0.0.1 at 2024-11-22 23:52:03 +0000
Started DELETE "/users/sign_out" for 127.0.0.1 at 2024-11-22 23:52:04 +0000
Processing by Devise::SessionsController#destroy as TURBO_STREAM
  Parameters: {"authenticity_token"=>"[FILTERED]"}
  [1m[36mUser Load (0.5ms)[0m  [1m[34mSELECT "users".* FROM "users" WHERE "users"."id" = 1 ORDER BY "users"."id" ASC LIMIT 1 /*action='destroy',application='Storefront',controller='sessions'*/[0m
  [1m[36mTRANSACTION (0.4ms)[0m  [1m[35mBEGIN immediate TRANSACTION /*action='destroy',application='Storefront',controller='sessions'*/[0m
  [1m[36mUser Update (10.0ms)[0m  [1m[33mUPDATE "users" SET "remember_created_at" = NULL, "updated_at" = '2024-11-22 23:52:05.059034' WHERE "users"."id" = 1 /*action='destroy',application='Storefront',controller='sessions'*/[0m
  [1m[36mTRANSACTION (3.9ms)[0m  [1m[35mCOMMIT TRANSACTION /*action='destroy',application='Storefront',controller='sessions'*/[0m
Redirected to http://127.0.0.1:3000/
Completed 303 See Other in 442ms (ActiveRecord: 14.8ms (2 queries, 0 cached) | GC: 23.5ms)


Started GET "/" for 127.0.0.1 at 2024-11-22 23:52:05 +0000
Processing by MainController#index as TURBO_STREAM
Completed 401 Unauthorized in 406ms (ActiveRecord: 0.0ms (0 queries, 0 cached) | GC: 0.0ms)


Started GET "/users/sign_in" for 127.0.0.1 at 2024-11-22 23:52:05 +0000
Processing by Devise::SessionsController#new as TURBO_STREAM
  Rendering layout layouts/application.html.erb
  Rendering devise/sessions/new.html.erb within layouts/application
  Rendered devise/shared/_links.html.erb (Duration: 2.6ms | GC: 0.0ms)
  Rendered devise/sessions/new.html.erb within layouts/application (Duration: 32.0ms | GC: 0.0ms)
  Rendered layout layouts/application.html.erb (Duration: 33.2ms | GC: 0.0ms)
Completed 200 OK in 448ms (Views: 42.8ms | ActiveRecord: 0.0ms (0 queries, 0 cached) | GC: 0.2ms)


